-------------------------------------------------------------------------------
Test set: com.haroon.cdi.requestedscope.RestaurantTest
-------------------------------------------------------------------------------
Tests run: 1, Failures: 0, Errors: 1, Skipped: 0, Time elapsed: 4.186 sec <<< FAILURE!
orderSoup(com.haroon.cdi.requestedscope.RestaurantTest)  Time elapsed: 4.022 sec  <<< ERROR!
javax.ejb.EJBException: Cannot obtain a free instance.; nested exception is: 
	javax.enterprise.inject.UnsatisfiedResolutionException: Api type [com.haroon.cdi.requestedscope.Soup] is not found with the qualifiers 
Qualifiers: [@javax.enterprise.inject.Default()]
for injection into Field Injection Point, field name :  soup, Bean Owner : [Waiter, WebBeansType:DEPENDENT, Name:null, API Types:[java.lang.Object,com.haroon.cdi.requestedscope.Waiter], Qualifiers:[javax.enterprise.inject.Default,javax.enterprise.inject.Any]]
	at org.apache.openejb.core.ivm.BaseEjbProxyHandler.convertException(BaseEjbProxyHandler.java:418)
	at org.apache.openejb.core.ivm.BaseEjbProxyHandler.invoke(BaseEjbProxyHandler.java:322)
	at com.haroon.cdi.requestedscope.Waiter$$LocalBeanProxy.orderSoup(com/haroon/cdi/requestedscope/Waiter.java)
	at com.haroon.cdi.requestedscope.RestaurantTest.orderSoup(RestaurantTest.java:29)
	at sun.reflect.NativeMethodAccessorImpl.invoke0(Native Method)
	at sun.reflect.NativeMethodAccessorImpl.invoke(NativeMethodAccessorImpl.java:62)
	at sun.reflect.DelegatingMethodAccessorImpl.invoke(DelegatingMethodAccessorImpl.java:43)
	at java.lang.reflect.Method.invoke(Method.java:498)
	at org.junit.runners.model.FrameworkMethod$1.runReflectiveCall(FrameworkMethod.java:47)
	at org.junit.internal.runners.model.ReflectiveCallable.run(ReflectiveCallable.java:12)
	at org.junit.runners.model.FrameworkMethod.invokeExplosively(FrameworkMethod.java:44)
	at org.junit.internal.runners.statements.InvokeMethod.evaluate(InvokeMethod.java:17)
	at org.junit.internal.runners.statements.RunBefores.evaluate(RunBefores.java:26)
	at org.junit.internal.runners.statements.RunAfters.evaluate(RunAfters.java:27)
	at org.junit.runners.ParentRunner.runLeaf(ParentRunner.java:271)
	at org.junit.runners.BlockJUnit4ClassRunner.runChild(BlockJUnit4ClassRunner.java:70)
	at org.junit.runners.BlockJUnit4ClassRunner.runChild(BlockJUnit4ClassRunner.java:50)
	at org.junit.runners.ParentRunner$3.run(ParentRunner.java:238)
	at org.junit.runners.ParentRunner$1.schedule(ParentRunner.java:63)
	at org.junit.runners.ParentRunner.runChildren(ParentRunner.java:236)
	at org.junit.runners.ParentRunner.access$000(ParentRunner.java:53)
	at org.junit.runners.ParentRunner$2.evaluate(ParentRunner.java:229)
	at org.junit.runners.ParentRunner.run(ParentRunner.java:309)
	at org.apache.maven.surefire.junit4.JUnit4Provider.execute(JUnit4Provider.java:252)
	at org.apache.maven.surefire.junit4.JUnit4Provider.executeTestSet(JUnit4Provider.java:141)
	at org.apache.maven.surefire.junit4.JUnit4Provider.invoke(JUnit4Provider.java:112)
	at sun.reflect.NativeMethodAccessorImpl.invoke0(Native Method)
	at sun.reflect.NativeMethodAccessorImpl.invoke(NativeMethodAccessorImpl.java:62)
	at sun.reflect.DelegatingMethodAccessorImpl.invoke(DelegatingMethodAccessorImpl.java:43)
	at java.lang.reflect.Method.invoke(Method.java:498)
	at org.apache.maven.surefire.util.ReflectionUtils.invokeMethodWithArray(ReflectionUtils.java:189)
	at org.apache.maven.surefire.booter.ProviderFactory$ProviderProxy.invoke(ProviderFactory.java:165)
	at org.apache.maven.surefire.booter.ProviderFactory.invokeProvider(ProviderFactory.java:85)
	at org.apache.maven.surefire.booter.ForkedBooter.runSuitesInProcess(ForkedBooter.java:115)
	at org.apache.maven.surefire.booter.ForkedBooter.main(ForkedBooter.java:75)
Caused by: javax.enterprise.inject.UnsatisfiedResolutionException: Api type [com.haroon.cdi.requestedscope.Soup] is not found with the qualifiers 
Qualifiers: [@javax.enterprise.inject.Default()]
for injection into Field Injection Point, field name :  soup, Bean Owner : [Waiter, WebBeansType:DEPENDENT, Name:null, API Types:[java.lang.Object,com.haroon.cdi.requestedscope.Waiter], Qualifiers:[javax.enterprise.inject.Default,javax.enterprise.inject.Any]]
	at org.apache.webbeans.util.InjectionExceptionUtil.throwUnsatisfiedResolutionException(InjectionExceptionUtil.java:65)
	at org.apache.webbeans.container.InjectionResolver.getInjectionPointBean(InjectionResolver.java:271)
	at org.apache.webbeans.inject.AbstractInjectable.inject(AbstractInjectable.java:82)
	at org.apache.webbeans.inject.InjectableField.doInjection(InjectableField.java:65)
	at org.apache.webbeans.portable.InjectionTargetImpl.injectFields(InjectionTargetImpl.java:220)
	at org.apache.webbeans.portable.InjectionTargetImpl.inject(InjectionTargetImpl.java:206)
	at org.apache.webbeans.portable.InjectionTargetImpl.inject(InjectionTargetImpl.java:196)
	at org.apache.openejb.BeanContext.inject(BeanContext.java:1778)
	at org.apache.openejb.BeanContext.newInstance(BeanContext.java:1606)
	at org.apache.openejb.core.stateless.StatelessInstanceManager.createInstance(StatelessInstanceManager.java:207)
	at org.apache.openejb.core.stateless.StatelessInstanceManager.getInstance(StatelessInstanceManager.java:199)
	at org.apache.openejb.core.stateless.StatelessContainer.invoke(StatelessContainer.java:186)
	at org.apache.openejb.core.ivm.EjbObjectProxyHandler.synchronizedBusinessMethod(EjbObjectProxyHandler.java:265)
	at org.apache.openejb.core.ivm.EjbObjectProxyHandler.businessMethod(EjbObjectProxyHandler.java:260)
	at org.apache.openejb.core.ivm.EjbObjectProxyHandler._invoke(EjbObjectProxyHandler.java:89)
	at org.apache.openejb.core.ivm.BaseEjbProxyHandler.invoke(BaseEjbProxyHandler.java:318)
	... 33 more

