<?xml version="1.0" encoding="UTF-8" ?>
<testsuite tests="1" failures="0" name="com.haroon.cdi.requestedscope.RestaurantTest" time="4.022" errors="1" skipped="0">
  <properties>
[...]
</properties>
  <testcase classname="com.haroon.cdi.requestedscope.RestaurantTest" name="orderSoup" time="4.022">
    <error message="Cannot obtain a free instance.; nested exception is: 
	javax.enterprise.inject.UnsatisfiedResolutionException: Api type [com.haroon.cdi.requestedscope.Soup] is not found with the qualifiers 
Qualifiers: [@javax.enterprise.inject.Default()]
for injection into Field Injection Point, field name :  soup, Bean Owner : [Waiter, WebBeansType:DEPENDENT, Name:null, API Types:[java.lang.Object,com.haroon.cdi.requestedscope.Waiter], Qualifiers:[javax.enterprise.inject.Default,javax.enterprise.inject.Any]]" type="javax.ejb.EJBException">javax.ejb.EJBException: Cannot obtain a free instance.; nested exception is: 
	javax.enterprise.inject.UnsatisfiedResolutionException: Api type [com.haroon.cdi.requestedscope.Soup] is not found with the qualifiers 
Qualifiers: [@javax.enterprise.inject.Default()]
for injection into Field Injection Point, field name :  soup, Bean Owner : [Waiter, WebBeansType:DEPENDENT, Name:null, API Types:[java.lang.Object,com.haroon.cdi.requestedscope.Waiter], Qualifiers:[javax.enterprise.inject.Default,javax.enterprise.inject.Any]]
	at org.apache.openejb.core.ivm.BaseEjbProxyHandler.convertException(BaseEjbProxyHandler.java:418)
	at org.apache.openejb.core.ivm.BaseEjbProxyHandler.invoke(BaseEjbProxyHandler.java:322)
	at com.haroon.cdi.requestedscope.Waiter$$LocalBeanProxy.orderSoup(com/haroon/cdi/requestedscope/Waiter.java)
	at com.haroon.cdi.requestedscope.RestaurantTest.orderSoup(RestaurantTest.java:29)
	at sun.reflect.NativeMethodAccessorImpl.invoke0(Native Method)
	at sun.reflect.NativeMethodAccessorImpl.invoke(NativeMethodAccessorImpl.java:62)
	at sun.reflect.DelegatingMethodAccessorImpl.invoke(DelegatingMethodAccessorImpl.java:43)
	at java.lang.reflect.Method.invoke(Method.java:498)
	at org.junit.runners.model.FrameworkMethod$1.runReflectiveCall(FrameworkMethod.java:47)
	at org.junit.internal.runners.model.ReflectiveCallable.run(ReflectiveCallable.java:12)
	at org.junit.runners.model.FrameworkMethod.invokeExplosively(FrameworkMethod.java:44)
	at org.junit.internal.runners.statements.InvokeMethod.evaluate(InvokeMethod.java:17)
	at org.junit.internal.runners.statements.RunBefores.evaluate(RunBefores.java:26)
	at org.junit.internal.runners.statements.RunAfters.evaluate(RunAfters.java:27)
	at org.junit.runners.ParentRunner.runLeaf(ParentRunner.java:271)
	at org.junit.runners.BlockJUnit4ClassRunner.runChild(BlockJUnit4ClassRunner.java:70)
	at org.junit.runners.BlockJUnit4ClassRunner.runChild(BlockJUnit4ClassRunner.java:50)
	at org.junit.runners.ParentRunner$3.run(ParentRunner.java:238)
	at org.junit.runners.ParentRunner$1.schedule(ParentRunner.java:63)
	at org.junit.runners.ParentRunner.runChildren(ParentRunner.java:236)
	at org.junit.runners.ParentRunner.access$000(ParentRunner.java:53)
	at org.junit.runners.ParentRunner$2.evaluate(ParentRunner.java:229)
	at org.junit.runners.ParentRunner.run(ParentRunner.java:309)
	at org.apache.maven.surefire.junit4.JUnit4Provider.execute(JUnit4Provider.java:252)
	at org.apache.maven.surefire.junit4.JUnit4Provider.executeTestSet(JUnit4Provider.java:141)
	at org.apache.maven.surefire.junit4.JUnit4Provider.invoke(JUnit4Provider.java:112)
	at sun.reflect.NativeMethodAccessorImpl.invoke0(Native Method)
	at sun.reflect.NativeMethodAccessorImpl.invoke(NativeMethodAccessorImpl.java:62)
	at sun.reflect.DelegatingMethodAccessorImpl.invoke(DelegatingMethodAccessorImpl.java:43)
	at java.lang.reflect.Method.invoke(Method.java:498)
	at org.apache.maven.surefire.util.ReflectionUtils.invokeMethodWithArray(ReflectionUtils.java:189)
	at org.apache.maven.surefire.booter.ProviderFactory$ProviderProxy.invoke(ProviderFactory.java:165)
	at org.apache.maven.surefire.booter.ProviderFactory.invokeProvider(ProviderFactory.java:85)
	at org.apache.maven.surefire.booter.ForkedBooter.runSuitesInProcess(ForkedBooter.java:115)
	at org.apache.maven.surefire.booter.ForkedBooter.main(ForkedBooter.java:75)
Caused by: javax.enterprise.inject.UnsatisfiedResolutionException: Api type [com.haroon.cdi.requestedscope.Soup] is not found with the qualifiers 
Qualifiers: [@javax.enterprise.inject.Default()]
for injection into Field Injection Point, field name :  soup, Bean Owner : [Waiter, WebBeansType:DEPENDENT, Name:null, API Types:[java.lang.Object,com.haroon.cdi.requestedscope.Waiter], Qualifiers:[javax.enterprise.inject.Default,javax.enterprise.inject.Any]]
	at org.apache.webbeans.util.InjectionExceptionUtil.throwUnsatisfiedResolutionException(InjectionExceptionUtil.java:65)
	at org.apache.webbeans.container.InjectionResolver.getInjectionPointBean(InjectionResolver.java:271)
	at org.apache.webbeans.inject.AbstractInjectable.inject(AbstractInjectable.java:82)
	at org.apache.webbeans.inject.InjectableField.doInjection(InjectableField.java:65)
	at org.apache.webbeans.portable.InjectionTargetImpl.injectFields(InjectionTargetImpl.java:220)
	at org.apache.webbeans.portable.InjectionTargetImpl.inject(InjectionTargetImpl.java:206)
	at org.apache.webbeans.portable.InjectionTargetImpl.inject(InjectionTargetImpl.java:196)
	at org.apache.openejb.BeanContext.inject(BeanContext.java:1778)
	at org.apache.openejb.BeanContext.newInstance(BeanContext.java:1606)
	at org.apache.openejb.core.stateless.StatelessInstanceManager.createInstance(StatelessInstanceManager.java:207)
	at org.apache.openejb.core.stateless.StatelessInstanceManager.getInstance(StatelessInstanceManager.java:199)
	at org.apache.openejb.core.stateless.StatelessContainer.invoke(StatelessContainer.java:186)
	at org.apache.openejb.core.ivm.EjbObjectProxyHandler.synchronizedBusinessMethod(EjbObjectProxyHandler.java:265)
	at org.apache.openejb.core.ivm.EjbObjectProxyHandler.businessMethod(EjbObjectProxyHandler.java:260)
	at org.apache.openejb.core.ivm.EjbObjectProxyHandler._invoke(EjbObjectProxyHandler.java:89)
	at org.apache.openejb.core.ivm.BaseEjbProxyHandler.invoke(BaseEjbProxyHandler.java:318)
	... 33 more
</error>
    <system-out>INFORMATION - ********************************************************************************
INFORMATION - OpenEJB http://tomee.apache.org/
INFORMATION - Startup: Thu Feb 22 16:38:54 CET 2018
INFORMATION - Copyright 1999-2015 (C) Apache OpenEJB Project, All Rights Reserved.
INFORMATION - Version: 5.0.0-SNAPSHOT
INFORMATION - Build date: 20150513
INFORMATION - Build time: 04:08
INFORMATION - ********************************************************************************
INFORMATION - openejb.home = C:\Users\haroon.ghawsi\Desktop\HaroonGitHub\requestedscope
INFORMATION - openejb.base = C:\Users\haroon.ghawsi\Desktop\HaroonGitHub\requestedscope
INFORMATION - Created new singletonService org.apache.openejb.cdi.ThreadSingletonServiceImpl@3f2a3a5
INFORMATION - Succeeded in installing singleton service
INFORMATION - Using &apos;javax.ejb.embeddable.EJBContainer=true&apos;
INFORMATION - Cannot find the configuration file [conf/openejb.xml].  Will attempt to create one for the beans deployed.
INFORMATION - Configuring Service(id=Default Security Service, type=SecurityService, provider-id=Default Security Service)
INFORMATION - Configuring Service(id=Default Transaction Manager, type=TransactionManager, provider-id=Default Transaction Manager)
INFORMATION - Creating TransactionManager(id=Default Transaction Manager)
INFORMATION - Creating SecurityService(id=Default Security Service)
INFORMATION - Found EjbModule in classpath: c:\users\haroon.ghawsi\desktop\haroongithub\requestedscope\target\classes
INFORMATION - Beginning load: c:\users\haroon.ghawsi\desktop\haroongithub\requestedscope\target\classes
INFORMATION - Configuring enterprise application: C:\Users\haroon.ghawsi\Desktop\HaroonGitHub\requestedscope
INFORMATION - Auto-deploying ejb Chef: EjbDeployment(deployment-id=Chef)
INFORMATION - Auto-deploying ejb Waiter: EjbDeployment(deployment-id=Waiter)
INFORMATION - Configuring Service(id=Default Stateless Container, type=Container, provider-id=Default Stateless Container)
INFORMATION - Auto-creating a container for bean Chef: Container(type=STATELESS, id=Default Stateless Container)
INFORMATION - Creating Container(id=Default Stateless Container)
INFORMATION - Configuring Service(id=Default Managed Container, type=Container, provider-id=Default Managed Container)
INFORMATION - Auto-creating a container for bean com.haroon.cdi.requestedscope.RestaurantTest: Container(type=MANAGED, id=Default Managed Container)
INFORMATION - Creating Container(id=Default Managed Container)
INFORMATION - Using directory C:\Users\HAROON~1.GHA\AppData\Local\Temp for stateful session passivation
INFORMATION - Configuring Service(id=comp/DefaultManagedExecutorService, type=Resource, provider-id=Default Executor Service)
INFORMATION - Auto-creating a Resource with id &apos;comp/DefaultManagedExecutorService&apos; of type &apos;javax.enterprise.concurrent.ManagedExecutorService for &apos;EjbModule1204481453.Comp652176954&apos;.
INFORMATION - Auto-linking resource-env-ref &apos;java:comp/DefaultManagedExecutorService&apos; in bean EjbModule1204481453.Comp652176954 to Resource(id=comp/DefaultManagedExecutorService)
INFORMATION - Configuring Service(id=comp/DefaultManagedScheduledExecutorService, type=Resource, provider-id=Default Scheduled Executor Service)
INFORMATION - Auto-creating a Resource with id &apos;comp/DefaultManagedScheduledExecutorService&apos; of type &apos;javax.enterprise.concurrent.ManagedScheduledExecutorService for &apos;EjbModule1204481453.Comp652176954&apos;.
INFORMATION - Auto-linking resource-env-ref &apos;java:comp/DefaultManagedScheduledExecutorService&apos; in bean EjbModule1204481453.Comp652176954 to Resource(id=comp/DefaultManagedScheduledExecutorService)
INFORMATION - Configuring Service(id=comp/DefaultManagedThreadFactory, type=Resource, provider-id=Default Managed Thread Factory)
INFORMATION - Auto-creating a Resource with id &apos;comp/DefaultManagedThreadFactory&apos; of type &apos;javax.enterprise.concurrent.ManagedThreadFactory for &apos;EjbModule1204481453.Comp652176954&apos;.
INFORMATION - Auto-linking resource-env-ref &apos;java:comp/DefaultManagedThreadFactory&apos; in bean EjbModule1204481453.Comp652176954 to Resource(id=comp/DefaultManagedThreadFactory)
WARNUNG - WARN ... requestedscope:	The application [requestedscope] uses @Inject but CDI is not enabled. Maybe youd need to add a beans.xml file.
WARNUNG - 1 warning for EjbModule(path=requestedscope)
INFORMATION - Enterprise application &quot;C:\Users\haroon.ghawsi\Desktop\HaroonGitHub\requestedscope&quot; loaded.
INFORMATION - Assembling app: C:\Users\haroon.ghawsi\Desktop\HaroonGitHub\requestedscope
INFORMATION - Jndi(name=&quot;java:global/requestedscope/Chef!com.haroon.cdi.requestedscope.Chef&quot;)
INFORMATION - Jndi(name=&quot;java:global/requestedscope/Chef&quot;)
INFORMATION - Jndi(name=&quot;java:global/requestedscope/Waiter!com.haroon.cdi.requestedscope.Waiter&quot;)
INFORMATION - Jndi(name=&quot;java:global/requestedscope/Waiter&quot;)
INFORMATION - Existing thread singleton service in SystemInstance(): org.apache.openejb.cdi.ThreadSingletonServiceImpl@3f2a3a5
INFORMATION - OpenWebBeans Container is starting...
INFORMATION - Adding OpenWebBeansPlugin : [CdiPlugin]
INFORMATION - All injection points were validated successfully.
INFORMATION - OpenWebBeans Container has started, it took 404 ms.
INFORMATION - Created Ejb(deployment-id=Chef, ejb-name=Chef, container=Default Stateless Container)
INFORMATION - Created Ejb(deployment-id=Waiter, ejb-name=Waiter, container=Default Stateless Container)
INFORMATION - Started Ejb(deployment-id=Chef, ejb-name=Chef, container=Default Stateless Container)
INFORMATION - Started Ejb(deployment-id=Waiter, ejb-name=Waiter, container=Default Stateless Container)
INFORMATION - Deployed Application(path=C:\Users\haroon.ghawsi\Desktop\HaroonGitHub\requestedscope)
SCHWERWIEGEND - The bean instance Waiter threw a system exception:javax.enterprise.inject.UnsatisfiedResolutionException: Api type [com.haroon.cdi.requestedscope.Soup] is not found with the qualifiers 
Qualifiers: [@javax.enterprise.inject.Default()]
for injection into Field Injection Point, field name :  soup, Bean Owner : [Waiter, WebBeansType:DEPENDENT, Name:null, API Types:[java.lang.Object,com.haroon.cdi.requestedscope.Waiter], Qualifiers:[javax.enterprise.inject.Default,javax.enterprise.inject.Any]]
javax.enterprise.inject.UnsatisfiedResolutionException: Api type [com.haroon.cdi.requestedscope.Soup] is not found with the qualifiers 
Qualifiers: [@javax.enterprise.inject.Default()]
for injection into Field Injection Point, field name :  soup, Bean Owner : [Waiter, WebBeansType:DEPENDENT, Name:null, API Types:[java.lang.Object,com.haroon.cdi.requestedscope.Waiter], Qualifiers:[javax.enterprise.inject.Default,javax.enterprise.inject.Any]]
	at org.apache.webbeans.util.InjectionExceptionUtil.throwUnsatisfiedResolutionException(InjectionExceptionUtil.java:65)
	at org.apache.webbeans.container.InjectionResolver.getInjectionPointBean(InjectionResolver.java:271)
	at org.apache.webbeans.inject.AbstractInjectable.inject(AbstractInjectable.java:82)
	at org.apache.webbeans.inject.InjectableField.doInjection(InjectableField.java:65)
	at org.apache.webbeans.portable.InjectionTargetImpl.injectFields(InjectionTargetImpl.java:220)
	at org.apache.webbeans.portable.InjectionTargetImpl.inject(InjectionTargetImpl.java:206)
	at org.apache.webbeans.portable.InjectionTargetImpl.inject(InjectionTargetImpl.java:196)
	at org.apache.openejb.BeanContext.inject(BeanContext.java:1778)
	at org.apache.openejb.BeanContext.newInstance(BeanContext.java:1606)
	at org.apache.openejb.core.stateless.StatelessInstanceManager.createInstance(StatelessInstanceManager.java:207)
	at org.apache.openejb.core.stateless.StatelessInstanceManager.getInstance(StatelessInstanceManager.java:199)
	at org.apache.openejb.core.stateless.StatelessContainer.invoke(StatelessContainer.java:186)
	at org.apache.openejb.core.ivm.EjbObjectProxyHandler.synchronizedBusinessMethod(EjbObjectProxyHandler.java:265)
	at org.apache.openejb.core.ivm.EjbObjectProxyHandler.businessMethod(EjbObjectProxyHandler.java:260)
	at org.apache.openejb.core.ivm.EjbObjectProxyHandler._invoke(EjbObjectProxyHandler.java:89)
	at org.apache.openejb.core.ivm.BaseEjbProxyHandler.invoke(BaseEjbProxyHandler.java:318)
	at com.haroon.cdi.requestedscope.Waiter$$LocalBeanProxy.orderSoup(com/haroon/cdi/requestedscope/Waiter.java)
	at com.haroon.cdi.requestedscope.RestaurantTest.orderSoup(RestaurantTest.java:29)
	at sun.reflect.NativeMethodAccessorImpl.invoke0(Native Method)
	at sun.reflect.NativeMethodAccessorImpl.invoke(NativeMethodAccessorImpl.java:62)
	at sun.reflect.DelegatingMethodAccessorImpl.invoke(DelegatingMethodAccessorImpl.java:43)
	at java.lang.reflect.Method.invoke(Method.java:498)
	at org.junit.runners.model.FrameworkMethod$1.runReflectiveCall(FrameworkMethod.java:47)
	at org.junit.internal.runners.model.ReflectiveCallable.run(ReflectiveCallable.java:12)
	at org.junit.runners.model.FrameworkMethod.invokeExplosively(FrameworkMethod.java:44)
	at org.junit.internal.runners.statements.InvokeMethod.evaluate(InvokeMethod.java:17)
	at org.junit.internal.runners.statements.RunBefores.evaluate(RunBefores.java:26)
	at org.junit.internal.runners.statements.RunAfters.evaluate(RunAfters.java:27)
	at org.junit.runners.ParentRunner.runLeaf(ParentRunner.java:271)
	at org.junit.runners.BlockJUnit4ClassRunner.runChild(BlockJUnit4ClassRunner.java:70)
	at org.junit.runners.BlockJUnit4ClassRunner.runChild(BlockJUnit4ClassRunner.java:50)
	at org.junit.runners.ParentRunner$3.run(ParentRunner.java:238)
	at org.junit.runners.ParentRunner$1.schedule(ParentRunner.java:63)
	at org.junit.runners.ParentRunner.runChildren(ParentRunner.java:236)
	at org.junit.runners.ParentRunner.access$000(ParentRunner.java:53)
	at org.junit.runners.ParentRunner$2.evaluate(ParentRunner.java:229)
	at org.junit.runners.ParentRunner.run(ParentRunner.java:309)
	at org.apache.maven.surefire.junit4.JUnit4Provider.execute(JUnit4Provider.java:252)
	at org.apache.maven.surefire.junit4.JUnit4Provider.executeTestSet(JUnit4Provider.java:141)
	at org.apache.maven.surefire.junit4.JUnit4Provider.invoke(JUnit4Provider.java:112)
	at sun.reflect.NativeMethodAccessorImpl.invoke0(Native Method)
	at sun.reflect.NativeMethodAccessorImpl.invoke(NativeMethodAccessorImpl.java:62)
	at sun.reflect.DelegatingMethodAccessorImpl.invoke(DelegatingMethodAccessorImpl.java:43)
	at java.lang.reflect.Method.invoke(Method.java:498)
	at org.apache.maven.surefire.util.ReflectionUtils.invokeMethodWithArray(ReflectionUtils.java:189)
	at org.apache.maven.surefire.booter.ProviderFactory$ProviderProxy.invoke(ProviderFactory.java:165)
	at org.apache.maven.surefire.booter.ProviderFactory.invokeProvider(ProviderFactory.java:85)
	at org.apache.maven.surefire.booter.ForkedBooter.runSuitesInProcess(ForkedBooter.java:115)
	at org.apache.maven.surefire.booter.ForkedBooter.main(ForkedBooter.java:75)
INFORMATION - Undeploying app: C:\Users\haroon.ghawsi\Desktop\HaroonGitHub\requestedscope
INFORMATION - Destroying OpenEJB container
</system-out>
  </testcase>
</testsuite>